<?xml version="1.0" encoding="UTF-8"?>
<testng-results ignored="0" total="3" passed="3" failed="0" skipped="0">
  <reporter-output>
  </reporter-output>
  <suite started-at="2019-10-15T13:27:23 ICT" name="Default suite" finished-at="2019-10-15T13:28:15 ICT" duration-ms="52047">
    <groups>
    </groups>
    <test started-at="2019-10-15T13:27:23 ICT" name="Default test" finished-at="2019-10-15T13:28:15 ICT" duration-ms="52047">
      <class name="test.MainTest">
        <test-method is-config="true" signature="setup()[pri:0, instance:test.MainTest@6e509ffa]" started-at="2019-10-15T13:27:23 ICT" name="setup" finished-at="2019-10-15T13:27:36 ICT" duration-ms="13264" status="PASS">
          <reporter-output>
          </reporter-output>
        </test-method> <!-- setup -->
        <test-method signature="buyingPulsa()[pri:0, instance:test.MainTest@6e509ffa]" started-at="2019-10-15T13:27:36 ICT" name="buyingPulsa" finished-at="2019-10-15T13:27:43 ICT" duration-ms="6501" status="PASS">
          <reporter-output>
          </reporter-output>
        </test-method> <!-- buyingPulsa -->
        <test-method signature="login()[pri:1, instance:test.MainTest@6e509ffa]" started-at="2019-10-15T13:27:43 ICT" name="login" finished-at="2019-10-15T13:28:07 ICT" duration-ms="24064" status="PASS">
          <reporter-output>
          </reporter-output>
        </test-method> <!-- login -->
        <test-method signature="checkOutPage()[pri:2, instance:test.MainTest@6e509ffa]" started-at="2019-10-15T13:28:07 ICT" name="checkOutPage" finished-at="2019-10-15T13:28:15 ICT" duration-ms="8146" status="PASS">
          <reporter-output>
          </reporter-output>
        </test-method> <!-- checkOutPage -->
      </class> <!-- test.MainTest -->
    </test> <!-- Default test -->
  </suite> <!-- Default suite -->
</testng-results>
